_jogo/VRSJ/Temp/gradleOut/unityLibrary/build/outputs/logs/manifest-merger-release-report.txt
-- Merging decision tree log ---
manifest
ADDED from src/main/AndroidManifest.xml:2:1-26:12
INJECTED from src/main/AndroidManifest.xml:2:1-26:12
INJECTED from src/main/AndroidManifest.xml:2:1-26:12
INJECTED from src/main/AndroidManifest.xml:2:1-26:12
INJECTED from src/main/AndroidManifest.xml:2:1-26:12
INJECTED from src/main/AndroidManifest.xml:2:1-26:12
INJECTED from src/main/AndroidManifest.xml:2:1-26:12
	package
		ADDED from src/main/AndroidManifest.xml:2:70-98
		INJECTED from src/main/AndroidManifest.xml
		INJECTED from src/main/AndroidManifest.xml
	android:versionName
		INJECTED from src/main/AndroidManifest.xml
		ADDED from src/main/AndroidManifest.xml:2:1-26:12
		INJECTED from src/main/AndroidManifest.xml
	xmlns:tools
		ADDED from src/main/AndroidManifest.xml:2:99-145
	android:versionCode
		INJECTED from src/main/AndroidManifest.xml
		ADDED from src/main/AndroidManifest.xml:2:1-26:12
		INJECTED from src/main/AndroidManifest.xml
	xmlns:android
		ADDED from src/main/AndroidManifest.xml:2:11-69
	android:installLocation
		ADDED from src/main/AndroidManifest.xml:2:146-186
supports-screens
ADDED from src/main/AndroidManifest.xml:3:3-163
	android:largeScreens
		ADDED from src/main/AndroidManifest.xml:3:78-105
	android:smallScreens
		ADDED from src/main/AndroidManifest.xml:3:21-48
	android:normalScreens
		ADDED from src/main/AndroidManifest.xml:3:49-77
	android:xlargeScreens
		ADDED from src/main/AndroidManifest.xml:3:106-134
	android:anyDensity
		ADDED from src/main/AndroidManifest.xml:3:135-160
uses-permission#android.permission.NFC
ADDED from src/main/AndroidManifest.xml:4:3-60
	android:name
		ADDED from src/main/AndroidManifest.xml:4:20-57
uses-feature#android.hardware.nfc
ADDED from src/main/AndroidManifest.xml:5:3-80
	android:required
		ADDED from src/main/AndroidManifest.xml:5:53-77
	android:name
		ADDED from src/main/AndroidManifest.xml:5:17-52
application
ADDED from src/main/AndroidManifest.xml:6:3-20:17
	android:label
		ADDED from src/main/AndroidManifest.xml:6:16-48
	android:hardwareAccelerated
		ADDED from src/main/AndroidManifest.xml:6:49-83
	android:icon
		ADDED from src/main/AndroidManifest.xml:6:123-154
	android:theme
		ADDED from src/main/AndroidManifest.xml:6:84-122
activity#com.unity3d.player.UnityPlayerActivity
ADDED from src/main/AndroidManifest.xml:7:5-14:16
	android:screenOrientation
		ADDED from src/main/AndroidManifest.xml:7:102-140
	android:label
		ADDED from src/main/AndroidManifest.xml:7:69-101
	android:launchMode
		ADDED from src/main/AndroidManifest.xml:7:141-172
	android:hardwareAccelerated
		ADDED from src/main/AndroidManifest.xml:7:355-390
	android:configChanges
		ADDED from src/main/AndroidManifest.xml:7:173-354
	android:name
		ADDED from src/main/AndroidManifest.xml:7:15-68
intent-filter#action:name:android.intent.action.MAIN+category:name:android.intent.category.LAUNCHER+category:name:com.google.intent.category.CARDBOARD
ADDED from src/main/AndroidManifest.xml:8:7-12:23
action#android.intent.action.MAIN
ADDED from src/main/AndroidManifest.xml:9:9-61
	android:name
		ADDED from src/main/AndroidManifest.xml:9:17-58
category#android.intent.category.LAUNCHER
ADDED from src/main/AndroidManifest.xml:10:9-69
	android:name
		ADDED from src/main/AndroidManifest.xml:10:19-66
category#com.google.intent.category.CARDBOARD
ADDED from src/main/AndroidManifest.xml:11:9-73
	android:name
		ADDED from src/main/AndroidManifest.xml:11:19-70
meta-data#android.notch_support
ADDED from src/main/AndroidManifest.xml:13:7-78
	android:value
		ADDED from src/main/AndroidManifest.xml:13:55-75
	android:name
		ADDED from src/main/AndroidManifest.xml:13:18-54
meta-data#unityplayer.SkipPermissionsDialog
ADDED from src/main/AndroidManifest.xml:15:5-88
	android:value
		ADDED from src/main/AndroidManifest.xml:15:65-85
	android:name
		ADDED from src/main/AndroidManifest.xml:15:16-64
meta-data#unity.splash-mode
ADDED from src/main/AndroidManifest.xml:16:5-69
	android:value
		ADDED from src/main/AndroidManifest.xml:16:49-66
	android:name
		ADDED from src/main/AndroidManifest.xml:16:16-48
meta-data#unity.splash-enable
ADDED from src/main/AndroidManifest.xml:17:5-75
	android:value
		ADDED from src/main/AndroidManifest.xml:17:51-72
	android:name
		ADDED from src/main/AndroidManifest.xml:17:16-50
meta-data#notch.config
ADDED from src/main/AndroidManifest.xml:18:5-81
	android:value
		ADDED from src/main/AndroidManifest.xml:18:44-78
	android:name
		ADDED from src/main/AndroidManifest.xml:18:16-43
meta-data#unity.build-id
ADDED from src/main/AndroidManifest.xml:19:5-101
	android:value
		ADDED from src/main/AndroidManifest.xml:19:46-98
	android:name
		ADDED from src/main/AndroidManifest.xml:19:16-45
uses-feature#0x00020000
ADDED from src/main/AndroidManifest.xml:21:3-52
	android:glEsVersion
		ADDED from src/main/AndroidManifest.xml:21:17-49
uses-permission#android.permission.READ_EXTERNAL_STORAGE
ADDED from src/main/AndroidManifest.xml:22:3-78
	android:name
		ADDED from src/main/AndroidManifest.xml:22:20-75
uses-feature#android.hardware.touchscreen
ADDED from src/main/AndroidManifest.xml:23:3-88
	android:required
		ADDED from src/main/AndroidManifest.xml:23:61-85
	android:name
		ADDED from src/main/AndroidManifest.xml:23:17-60
uses-feature#android.hardware.touchscreen.multitouch
ADDED from src/main/AndroidManifest.xml:24:3-99
	android:required
		ADDED from src/main/AndroidManifest.xml:24:72-96
	android:name
		ADDED from src/main/AndroidManifest.xml:24:17-71
uses-feature#android.hardware.touchscreen.multitouch.distinct
ADDED from src/main/AndroidManifest.xml:25:3-108
	android:required
		ADDED from src/main/AndroidManifest.xml:25:81-105
	android:name
		ADDED from src/main/AndroidManifest.xml:25:17-80
uses-sdk
INJECTED from src/main/AndroidManifest.xml reason: use-sdk injection requested
INJECTED from src/main/AndroidManifest.xml
INJECTED from src/main/AndroidManifest.xml
INJECTED from src/main/AndroidManifest.xml
INJECTED from src/main/AndroidManifest.xml
	android:targetSdkVersion
		INJECTED from src/main/AndroidManifest.xml
		ADDED from src/main/AndroidManifest.xml
		INJECTED from src/main/AndroidManifest.xml
	android:minSdkVersion
		INJECTED from src/main/AndroidManifest.xml
		ADDED from src/main/AndroidManifest.xml
		INJECTED from src/main/AndroidManifest.xml